2019-04-09 21:35:36.125  [main] INFO  o.y.frame.springbootdemo.SpringBootDemoApplication - Starting SpringBootDemoApplication on DESKTOP-DIPVI1A with PID 19524 (D:\Projects\Java\spring-boot-demo\target\classes started by Lenovo in D:\Projects\Java\spring-boot-demo)
2019-04-09 21:35:36.131  [main] INFO  o.y.frame.springbootdemo.SpringBootDemoApplication - The following profiles are active: dev
2019-04-09 21:35:38.877  [main] INFO  o.s.d.r.config.RepositoryConfigurationDelegate - Multiple Spring Data modules found, entering strict repository configuration mode!
2019-04-09 21:35:38.879  [main] INFO  o.s.d.r.config.RepositoryConfigurationDelegate - Bootstrapping Spring Data repositories in DEFAULT mode.
2019-04-09 21:35:38.951  [main] INFO  o.s.d.r.config.RepositoryConfigurationDelegate - Finished Spring Data repository scanning in 60ms. Found 0 repository interfaces.
2019-04-09 21:35:39.037  [main] INFO  o.s.d.r.config.RepositoryConfigurationDelegate - Multiple Spring Data modules found, entering strict repository configuration mode!
2019-04-09 21:35:39.047  [main] INFO  o.s.d.r.config.RepositoryConfigurationDelegate - Bootstrapping Spring Data repositories in DEFAULT mode.
2019-04-09 21:35:39.119  [main] INFO  o.s.d.r.config.RepositoryConfigurationDelegate - Finished Spring Data repository scanning in 30ms. Found 0 repository interfaces.
2019-04-09 21:35:39.898  [main] INFO  o.s.c.s.PostProcessorRegistrationDelegate$BeanPostProcessorChecker - Bean 'taskExecutorConfig' of type [org.ylc.frame.springbootdemo.config.TaskExecutorConfig$$EnhancerBySpringCGLIB$$319f9001] is not eligible for getting processed by all BeanPostProcessors (for example: not eligible for auto-proxying)
2019-04-09 21:35:40.198  [main] INFO  o.s.c.s.PostProcessorRegistrationDelegate$BeanPostProcessorChecker - Bean 'org.springframework.transaction.annotation.ProxyTransactionManagementConfiguration' of type [org.springframework.transaction.annotation.ProxyTransactionManagementConfiguration$$EnhancerBySpringCGLIB$$316c0379] is not eligible for getting processed by all BeanPostProcessors (for example: not eligible for auto-proxying)
2019-04-09 21:35:41.231  [main] INFO  o.s.boot.web.embedded.tomcat.TomcatWebServer - Tomcat initialized with port(s): 8080 (http)
2019-04-09 21:35:41.267  [main] INFO  org.apache.coyote.http11.Http11NioProtocol - Initializing ProtocolHandler ["http-nio-8080"]
2019-04-09 21:35:41.291  [main] INFO  org.apache.catalina.core.StandardService - Starting service [Tomcat]
2019-04-09 21:35:41.294  [main] INFO  org.apache.catalina.core.StandardEngine - Starting Servlet engine: [Apache Tomcat/9.0.16]
2019-04-09 21:35:41.308  [main] INFO  org.apache.catalina.core.AprLifecycleListener - The APR based Apache Tomcat Native library which allows optimal performance in production environments was not found on the java.library.path: [C:\Program Files\Java\jdk1.8.0_181\bin;C:\Windows\Sun\Java\bin;C:\Windows\system32;C:\Windows;D:\Program Files (x86)\NetSarang\Xftp 6\;D:\Program Files (x86)\NetSarang\Xshell 6\;D:\Program Files\Python37\Scripts\;D:\Program Files\Python37\;C:\Program Files (x86)\Common Files\Oracle\Java\javapath;C:\Windows\system32;C:\Windows;C:\Windows\System32\Wbem;C:\Windows\System32\WindowsPowerShell\v1.0\;C:\Program Files\WIDCOMM\Bluetooth Software\;C:\Program Files\WIDCOMM\Bluetooth Software\syswow64;D:\Program Files\apache-maven-3.5.4/bin;D:\Program Files\gradle-4.10.1/bin;C:\Program Files\MySQL\MySQL Utilities 1.6\;D:\Program Files\nodejs\;D:\Program Files\Git\cmd;C:\Users\Lenovo\AppData\Roaming\npm;D:\Program Files\JetBrains\PyCharm Community Edition 2018.3.2\bin;;D:\Program Files\JetBrains\PyCharm 2018.3.2\bin;;D:\Program Files\JetBrains\IntelliJ IDEA 2018.3.2\bin;;D:\Program Files\JetBrains\WebStorm 2018.3.2\bin;;.]
2019-04-09 21:35:41.584  [main] INFO  o.a.c.core.ContainerBase.[Tomcat].[localhost].[/] - Initializing Spring embedded WebApplicationContext
2019-04-09 21:35:41.585  [main] INFO  org.springframework.web.context.ContextLoader - Root WebApplicationContext: initialization completed in 5348 ms
2019-04-09 21:35:42.577  [main] INFO  org.apache.catalina.core.StandardService - Stopping service [Tomcat]
2019-04-09 21:35:42.641  [main] INFO  o.s.b.a.l.ConditionEvaluationReportLoggingListener - 

Error starting ApplicationContext. To display the conditions report re-run your application with 'debug' enabled.
2019-04-09 21:38:48.392  [main] INFO  o.y.frame.springbootdemo.SpringBootDemoApplication - Starting SpringBootDemoApplication on DESKTOP-DIPVI1A with PID 21244 (D:\Projects\Java\spring-boot-demo\target\classes started by Lenovo in D:\Projects\Java\spring-boot-demo)
2019-04-09 21:38:48.401  [main] INFO  o.y.frame.springbootdemo.SpringBootDemoApplication - The following profiles are active: dev
2019-04-09 21:38:50.100  [main] INFO  o.s.d.r.config.RepositoryConfigurationDelegate - Multiple Spring Data modules found, entering strict repository configuration mode!
2019-04-09 21:38:50.102  [main] INFO  o.s.d.r.config.RepositoryConfigurationDelegate - Bootstrapping Spring Data repositories in DEFAULT mode.
2019-04-09 21:38:50.134  [main] INFO  o.s.d.r.config.RepositoryConfigurationDelegate - Finished Spring Data repository scanning in 26ms. Found 0 repository interfaces.
2019-04-09 21:38:50.150  [main] INFO  o.s.d.r.config.RepositoryConfigurationDelegate - Multiple Spring Data modules found, entering strict repository configuration mode!
2019-04-09 21:38:50.151  [main] INFO  o.s.d.r.config.RepositoryConfigurationDelegate - Bootstrapping Spring Data repositories in DEFAULT mode.
2019-04-09 21:38:50.170  [main] INFO  o.s.d.r.config.RepositoryConfigurationDelegate - Finished Spring Data repository scanning in 8ms. Found 0 repository interfaces.
2019-04-09 21:38:50.688  [main] INFO  o.s.c.s.PostProcessorRegistrationDelegate$BeanPostProcessorChecker - Bean 'taskExecutorConfig' of type [org.ylc.frame.springbootdemo.config.TaskExecutorConfig$$EnhancerBySpringCGLIB$$d1799b22] is not eligible for getting processed by all BeanPostProcessors (for example: not eligible for auto-proxying)
2019-04-09 21:38:50.898  [main] INFO  o.s.c.s.PostProcessorRegistrationDelegate$BeanPostProcessorChecker - Bean 'org.springframework.transaction.annotation.ProxyTransactionManagementConfiguration' of type [org.springframework.transaction.annotation.ProxyTransactionManagementConfiguration$$EnhancerBySpringCGLIB$$d1460e9a] is not eligible for getting processed by all BeanPostProcessors (for example: not eligible for auto-proxying)
2019-04-09 21:38:51.430  [main] INFO  o.s.boot.web.embedded.tomcat.TomcatWebServer - Tomcat initialized with port(s): 8080 (http)
2019-04-09 21:38:51.451  [main] INFO  org.apache.coyote.http11.Http11NioProtocol - Initializing ProtocolHandler ["http-nio-8080"]
2019-04-09 21:38:51.465  [main] INFO  org.apache.catalina.core.StandardService - Starting service [Tomcat]
2019-04-09 21:38:51.466  [main] INFO  org.apache.catalina.core.StandardEngine - Starting Servlet engine: [Apache Tomcat/9.0.16]
2019-04-09 21:38:51.478  [main] INFO  org.apache.catalina.core.AprLifecycleListener - The APR based Apache Tomcat Native library which allows optimal performance in production environments was not found on the java.library.path: [C:\Program Files\Java\jdk1.8.0_181\bin;C:\Windows\Sun\Java\bin;C:\Windows\system32;C:\Windows;D:\Program Files (x86)\NetSarang\Xftp 6\;D:\Program Files (x86)\NetSarang\Xshell 6\;D:\Program Files\Python37\Scripts\;D:\Program Files\Python37\;C:\Program Files (x86)\Common Files\Oracle\Java\javapath;C:\Windows\system32;C:\Windows;C:\Windows\System32\Wbem;C:\Windows\System32\WindowsPowerShell\v1.0\;C:\Program Files\WIDCOMM\Bluetooth Software\;C:\Program Files\WIDCOMM\Bluetooth Software\syswow64;D:\Program Files\apache-maven-3.5.4/bin;D:\Program Files\gradle-4.10.1/bin;C:\Program Files\MySQL\MySQL Utilities 1.6\;D:\Program Files\nodejs\;D:\Program Files\Git\cmd;C:\Users\Lenovo\AppData\Roaming\npm;D:\Program Files\JetBrains\PyCharm Community Edition 2018.3.2\bin;;D:\Program Files\JetBrains\PyCharm 2018.3.2\bin;;D:\Program Files\JetBrains\IntelliJ IDEA 2018.3.2\bin;;D:\Program Files\JetBrains\WebStorm 2018.3.2\bin;;.]
2019-04-09 21:38:51.627  [main] INFO  o.a.c.core.ContainerBase.[Tomcat].[localhost].[/] - Initializing Spring embedded WebApplicationContext
2019-04-09 21:38:51.627  [main] INFO  org.springframework.web.context.ContextLoader - Root WebApplicationContext: initialization completed in 3084 ms
2019-04-09 21:38:51.765  [main] INFO  org.apache.catalina.core.StandardService - Stopping service [Tomcat]
2019-04-09 21:38:51.898  [main] INFO  o.s.b.a.l.ConditionEvaluationReportLoggingListener - 

Error starting ApplicationContext. To display the conditions report re-run your application with 'debug' enabled.
2019-04-09 21:39:35.497  [main] INFO  o.y.frame.springbootdemo.SpringBootDemoApplication - Starting SpringBootDemoApplication on DESKTOP-DIPVI1A with PID 20580 (D:\Projects\Java\spring-boot-demo\target\classes started by Lenovo in D:\Projects\Java\spring-boot-demo)
2019-04-09 21:39:35.504  [main] INFO  o.y.frame.springbootdemo.SpringBootDemoApplication - The following profiles are active: dev
2019-04-09 21:39:37.141  [main] INFO  o.s.d.r.config.RepositoryConfigurationDelegate - Multiple Spring Data modules found, entering strict repository configuration mode!
2019-04-09 21:39:37.142  [main] INFO  o.s.d.r.config.RepositoryConfigurationDelegate - Bootstrapping Spring Data repositories in DEFAULT mode.
2019-04-09 21:39:37.177  [main] INFO  o.s.d.r.config.RepositoryConfigurationDelegate - Finished Spring Data repository scanning in 27ms. Found 0 repository interfaces.
2019-04-09 21:39:37.195  [main] INFO  o.s.d.r.config.RepositoryConfigurationDelegate - Multiple Spring Data modules found, entering strict repository configuration mode!
2019-04-09 21:39:37.197  [main] INFO  o.s.d.r.config.RepositoryConfigurationDelegate - Bootstrapping Spring Data repositories in DEFAULT mode.
2019-04-09 21:39:37.218  [main] INFO  o.s.d.r.config.RepositoryConfigurationDelegate - Finished Spring Data repository scanning in 9ms. Found 0 repository interfaces.
2019-04-09 21:39:37.668  [main] INFO  o.s.c.s.PostProcessorRegistrationDelegate$BeanPostProcessorChecker - Bean 'taskExecutorConfig' of type [org.ylc.frame.springbootdemo.config.TaskExecutorConfig$$EnhancerBySpringCGLIB$$87384a23] is not eligible for getting processed by all BeanPostProcessors (for example: not eligible for auto-proxying)
2019-04-09 21:39:37.814  [main] INFO  o.s.c.s.PostProcessorRegistrationDelegate$BeanPostProcessorChecker - Bean 'org.springframework.transaction.annotation.ProxyTransactionManagementConfiguration' of type [org.springframework.transaction.annotation.ProxyTransactionManagementConfiguration$$EnhancerBySpringCGLIB$$8704bd9b] is not eligible for getting processed by all BeanPostProcessors (for example: not eligible for auto-proxying)
2019-04-09 21:39:38.284  [main] INFO  o.s.boot.web.embedded.tomcat.TomcatWebServer - Tomcat initialized with port(s): 8080 (http)
2019-04-09 21:39:38.306  [main] INFO  org.apache.coyote.http11.Http11NioProtocol - Initializing ProtocolHandler ["http-nio-8080"]
2019-04-09 21:39:38.321  [main] INFO  org.apache.catalina.core.StandardService - Starting service [Tomcat]
2019-04-09 21:39:38.322  [main] INFO  org.apache.catalina.core.StandardEngine - Starting Servlet engine: [Apache Tomcat/9.0.16]
2019-04-09 21:39:38.331  [main] INFO  org.apache.catalina.core.AprLifecycleListener - The APR based Apache Tomcat Native library which allows optimal performance in production environments was not found on the java.library.path: [C:\Program Files\Java\jdk1.8.0_181\bin;C:\Windows\Sun\Java\bin;C:\Windows\system32;C:\Windows;D:\Program Files (x86)\NetSarang\Xftp 6\;D:\Program Files (x86)\NetSarang\Xshell 6\;D:\Program Files\Python37\Scripts\;D:\Program Files\Python37\;C:\Program Files (x86)\Common Files\Oracle\Java\javapath;C:\Windows\system32;C:\Windows;C:\Windows\System32\Wbem;C:\Windows\System32\WindowsPowerShell\v1.0\;C:\Program Files\WIDCOMM\Bluetooth Software\;C:\Program Files\WIDCOMM\Bluetooth Software\syswow64;D:\Program Files\apache-maven-3.5.4/bin;D:\Program Files\gradle-4.10.1/bin;C:\Program Files\MySQL\MySQL Utilities 1.6\;D:\Program Files\nodejs\;D:\Program Files\Git\cmd;C:\Users\Lenovo\AppData\Roaming\npm;D:\Program Files\JetBrains\PyCharm Community Edition 2018.3.2\bin;;D:\Program Files\JetBrains\PyCharm 2018.3.2\bin;;D:\Program Files\JetBrains\IntelliJ IDEA 2018.3.2\bin;;D:\Program Files\JetBrains\WebStorm 2018.3.2\bin;;.]
2019-04-09 21:39:38.552  [main] INFO  o.a.c.core.ContainerBase.[Tomcat].[localhost].[/] - Initializing Spring embedded WebApplicationContext
2019-04-09 21:39:38.553  [main] INFO  org.springframework.web.context.ContextLoader - Root WebApplicationContext: initialization completed in 2811 ms
2019-04-09 21:39:38.689  [main] INFO  org.apache.catalina.core.StandardService - Stopping service [Tomcat]
2019-04-09 21:39:38.823  [main] INFO  o.s.b.a.l.ConditionEvaluationReportLoggingListener - 

Error starting ApplicationContext. To display the conditions report re-run your application with 'debug' enabled.
2019-04-09 21:40:01.760  [main] INFO  o.y.frame.springbootdemo.SpringBootDemoApplication - Starting SpringBootDemoApplication on DESKTOP-DIPVI1A with PID 18452 (D:\Projects\Java\spring-boot-demo\target\classes started by Lenovo in D:\Projects\Java\spring-boot-demo)
2019-04-09 21:40:01.768  [main] INFO  o.y.frame.springbootdemo.SpringBootDemoApplication - The following profiles are active: dev
2019-04-09 21:40:03.282  [main] INFO  o.s.d.r.config.RepositoryConfigurationDelegate - Multiple Spring Data modules found, entering strict repository configuration mode!
2019-04-09 21:40:03.283  [main] INFO  o.s.d.r.config.RepositoryConfigurationDelegate - Bootstrapping Spring Data repositories in DEFAULT mode.
2019-04-09 21:40:03.317  [main] INFO  o.s.d.r.config.RepositoryConfigurationDelegate - Finished Spring Data repository scanning in 28ms. Found 0 repository interfaces.
2019-04-09 21:40:03.334  [main] INFO  o.s.d.r.config.RepositoryConfigurationDelegate - Multiple Spring Data modules found, entering strict repository configuration mode!
2019-04-09 21:40:03.336  [main] INFO  o.s.d.r.config.RepositoryConfigurationDelegate - Bootstrapping Spring Data repositories in DEFAULT mode.
2019-04-09 21:40:03.361  [main] INFO  o.s.d.r.config.RepositoryConfigurationDelegate - Finished Spring Data repository scanning in 10ms. Found 0 repository interfaces.
2019-04-09 21:40:04.812  [main] INFO  o.s.c.s.PostProcessorRegistrationDelegate$BeanPostProcessorChecker - Bean 'taskExecutorConfig' of type [org.ylc.frame.springbootdemo.config.TaskExecutorConfig$$EnhancerBySpringCGLIB$$87263626] is not eligible for getting processed by all BeanPostProcessors (for example: not eligible for auto-proxying)
2019-04-09 21:40:05.042  [main] INFO  o.s.c.s.PostProcessorRegistrationDelegate$BeanPostProcessorChecker - Bean 'org.springframework.transaction.annotation.ProxyTransactionManagementConfiguration' of type [org.springframework.transaction.annotation.ProxyTransactionManagementConfiguration$$EnhancerBySpringCGLIB$$86f2a99e] is not eligible for getting processed by all BeanPostProcessors (for example: not eligible for auto-proxying)
2019-04-09 21:40:06.300  [main] INFO  o.s.boot.web.embedded.tomcat.TomcatWebServer - Tomcat initialized with port(s): 8080 (http)
2019-04-09 21:40:06.416  [main] INFO  org.apache.coyote.http11.Http11NioProtocol - Initializing ProtocolHandler ["http-nio-8080"]
2019-04-09 21:40:06.457  [main] INFO  org.apache.catalina.core.StandardService - Starting service [Tomcat]
2019-04-09 21:40:06.460  [main] INFO  org.apache.catalina.core.StandardEngine - Starting Servlet engine: [Apache Tomcat/9.0.16]
2019-04-09 21:40:06.558  [main] INFO  org.apache.catalina.core.AprLifecycleListener - The APR based Apache Tomcat Native library which allows optimal performance in production environments was not found on the java.library.path: [C:\Program Files\Java\jdk1.8.0_181\bin;C:\Windows\Sun\Java\bin;C:\Windows\system32;C:\Windows;D:\Program Files (x86)\NetSarang\Xftp 6\;D:\Program Files (x86)\NetSarang\Xshell 6\;D:\Program Files\Python37\Scripts\;D:\Program Files\Python37\;C:\Program Files (x86)\Common Files\Oracle\Java\javapath;C:\Windows\system32;C:\Windows;C:\Windows\System32\Wbem;C:\Windows\System32\WindowsPowerShell\v1.0\;C:\Program Files\WIDCOMM\Bluetooth Software\;C:\Program Files\WIDCOMM\Bluetooth Software\syswow64;D:\Program Files\apache-maven-3.5.4/bin;D:\Program Files\gradle-4.10.1/bin;C:\Program Files\MySQL\MySQL Utilities 1.6\;D:\Program Files\nodejs\;D:\Program Files\Git\cmd;C:\Users\Lenovo\AppData\Roaming\npm;D:\Program Files\JetBrains\PyCharm Community Edition 2018.3.2\bin;;D:\Program Files\JetBrains\PyCharm 2018.3.2\bin;;D:\Program Files\JetBrains\IntelliJ IDEA 2018.3.2\bin;;D:\Program Files\JetBrains\WebStorm 2018.3.2\bin;;.]
2019-04-09 21:40:06.797  [main] INFO  o.a.c.core.ContainerBase.[Tomcat].[localhost].[/] - Initializing Spring embedded WebApplicationContext
2019-04-09 21:40:06.797  [main] INFO  org.springframework.web.context.ContextLoader - Root WebApplicationContext: initialization completed in 4833 ms
2019-04-09 21:40:07.915  [main] INFO  s.d.s.w.PropertySourcedRequestMappingHandlerMapping - Mapped URL path [/v2/api-docs] onto method [public org.springframework.http.ResponseEntity<springfox.documentation.spring.web.json.Json> springfox.documentation.swagger2.web.Swagger2Controller.getDocumentation(java.lang.String,javax.servlet.http.HttpServletRequest)]
2019-04-09 21:40:08.324  [main] INFO  o.s.scheduling.concurrent.ThreadPoolTaskExecutor - Initializing ExecutorService 'applicationTaskExecutor'
2019-04-09 21:40:09.573  [main] INFO  org.mongodb.driver.cluster - Cluster created with settings {hosts=[localhost:27017], mode=SINGLE, requiredClusterType=UNKNOWN, serverSelectionTimeout='30000 ms', maxWaitQueueSize=500}
2019-04-09 21:40:09.690  [cluster-ClusterId{value='5caca0b93e7a32481450f9e1', description='null'}-localhost:27017] INFO  org.mongodb.driver.connection - Opened connection [connectionId{localValue:1, serverValue:1}] to localhost:27017
2019-04-09 21:40:09.699  [cluster-ClusterId{value='5caca0b93e7a32481450f9e1', description='null'}-localhost:27017] INFO  org.mongodb.driver.cluster - Monitor thread successfully connected to server with description ServerDescription{address=localhost:27017, type=STANDALONE, state=CONNECTED, ok=true, version=ServerVersion{versionList=[4, 0, 4]}, minWireVersion=0, maxWireVersion=7, maxDocumentSize=16777216, logicalSessionTimeoutMinutes=30, roundTripTimeNanos=5638845}
2019-04-09 21:40:10.680  [main] INFO  s.d.s.web.plugins.DocumentationPluginsBootstrapper - Context refreshed
2019-04-09 21:40:10.735  [main] INFO  s.d.s.web.plugins.DocumentationPluginsBootstrapper - Found 1 custom documentation plugin(s)
2019-04-09 21:40:10.791  [main] INFO  s.d.spring.web.scanners.ApiListingReferenceScanner - Scanning for api listing references
2019-04-09 21:40:11.079  [main] INFO  org.apache.coyote.http11.Http11NioProtocol - Starting ProtocolHandler ["http-nio-8080"]
2019-04-09 21:40:11.131  [main] INFO  o.s.boot.web.embedded.tomcat.TomcatWebServer - Tomcat started on port(s): 8080 (http) with context path ''
2019-04-09 21:40:11.137  [main] INFO  o.y.frame.springbootdemo.SpringBootDemoApplication - Started SpringBootDemoApplication in 10.721 seconds (JVM running for 12.339)
2019-04-09 21:40:11.141  [main] INFO  org.ylc.frame.springbootdemo.boot.AppStartupBoot - ==========================================================================
2019-04-09 21:40:11.141  [main] INFO  org.ylc.frame.springbootdemo.boot.AppStartupBoot - 启动成功，后端API接口 -请访问：http://localhost:8080/swagger-ui.html
2019-04-09 21:40:11.142  [main] INFO  org.ylc.frame.springbootdemo.boot.AppStartupBoot - ==========================================================================
2019-04-09 21:40:22.926  [http-nio-8080-exec-1] INFO  o.a.c.core.ContainerBase.[Tomcat].[localhost].[/] - Initializing Spring DispatcherServlet 'dispatcherServlet'
2019-04-09 21:40:22.927  [http-nio-8080-exec-1] INFO  org.springframework.web.servlet.DispatcherServlet - Initializing Servlet 'dispatcherServlet'
2019-04-09 21:40:22.973  [http-nio-8080-exec-1] INFO  org.springframework.web.servlet.DispatcherServlet - Completed initialization in 45 ms
2019-04-09 21:43:20.994  [http-nio-8080-exec-8] INFO  org.ylc.frame.springbootdemo.event.event.DemoEvent - add event success! message: 你好，这是事件
2019-04-09 21:44:59.808  [Thread-24] INFO  o.s.scheduling.concurrent.ThreadPoolTaskExecutor - Shutting down ExecutorService 'applicationTaskExecutor'
2019-04-09 21:46:23.896  [main] INFO  o.y.frame.springbootdemo.SpringBootDemoApplication - Starting SpringBootDemoApplication on DESKTOP-DIPVI1A with PID 7796 (D:\Projects\Java\spring-boot-demo\target\classes started by Lenovo in D:\Projects\Java\spring-boot-demo)
2019-04-09 21:46:23.902  [main] INFO  o.y.frame.springbootdemo.SpringBootDemoApplication - The following profiles are active: dev
2019-04-09 21:46:25.884  [main] INFO  o.s.d.r.config.RepositoryConfigurationDelegate - Multiple Spring Data modules found, entering strict repository configuration mode!
2019-04-09 21:46:25.886  [main] INFO  o.s.d.r.config.RepositoryConfigurationDelegate - Bootstrapping Spring Data repositories in DEFAULT mode.
2019-04-09 21:46:25.926  [main] INFO  o.s.d.r.config.RepositoryConfigurationDelegate - Finished Spring Data repository scanning in 32ms. Found 0 repository interfaces.
2019-04-09 21:46:25.946  [main] INFO  o.s.d.r.config.RepositoryConfigurationDelegate - Multiple Spring Data modules found, entering strict repository configuration mode!
2019-04-09 21:46:25.948  [main] INFO  o.s.d.r.config.RepositoryConfigurationDelegate - Bootstrapping Spring Data repositories in DEFAULT mode.
2019-04-09 21:46:25.971  [main] INFO  o.s.d.r.config.RepositoryConfigurationDelegate - Finished Spring Data repository scanning in 10ms. Found 0 repository interfaces.
2019-04-09 21:46:26.443  [main] INFO  o.s.c.s.PostProcessorRegistrationDelegate$BeanPostProcessorChecker - Bean 'taskExecutorConfig' of type [org.ylc.frame.springbootdemo.config.TaskExecutorConfig$$EnhancerBySpringCGLIB$$aa3d674f] is not eligible for getting processed by all BeanPostProcessors (for example: not eligible for auto-proxying)
2019-04-09 21:46:26.584  [main] INFO  o.s.c.s.PostProcessorRegistrationDelegate$BeanPostProcessorChecker - Bean 'org.springframework.transaction.annotation.ProxyTransactionManagementConfiguration' of type [org.springframework.transaction.annotation.ProxyTransactionManagementConfiguration$$EnhancerBySpringCGLIB$$aa09dac7] is not eligible for getting processed by all BeanPostProcessors (for example: not eligible for auto-proxying)
2019-04-09 21:46:27.046  [main] INFO  o.s.boot.web.embedded.tomcat.TomcatWebServer - Tomcat initialized with port(s): 8080 (http)
2019-04-09 21:46:27.071  [main] INFO  org.apache.coyote.http11.Http11NioProtocol - Initializing ProtocolHandler ["http-nio-8080"]
2019-04-09 21:46:27.089  [main] INFO  org.apache.catalina.core.StandardService - Starting service [Tomcat]
2019-04-09 21:46:27.089  [main] INFO  org.apache.catalina.core.StandardEngine - Starting Servlet engine: [Apache Tomcat/9.0.16]
2019-04-09 21:46:27.098  [main] INFO  org.apache.catalina.core.AprLifecycleListener - The APR based Apache Tomcat Native library which allows optimal performance in production environments was not found on the java.library.path: [C:\Program Files\Java\jdk1.8.0_181\bin;C:\Windows\Sun\Java\bin;C:\Windows\system32;C:\Windows;D:\Program Files (x86)\NetSarang\Xftp 6\;D:\Program Files (x86)\NetSarang\Xshell 6\;D:\Program Files\Python37\Scripts\;D:\Program Files\Python37\;C:\Program Files (x86)\Common Files\Oracle\Java\javapath;C:\Windows\system32;C:\Windows;C:\Windows\System32\Wbem;C:\Windows\System32\WindowsPowerShell\v1.0\;C:\Program Files\WIDCOMM\Bluetooth Software\;C:\Program Files\WIDCOMM\Bluetooth Software\syswow64;D:\Program Files\apache-maven-3.5.4/bin;D:\Program Files\gradle-4.10.1/bin;C:\Program Files\MySQL\MySQL Utilities 1.6\;D:\Program Files\nodejs\;D:\Program Files\Git\cmd;C:\Users\Lenovo\AppData\Roaming\npm;D:\Program Files\JetBrains\PyCharm Community Edition 2018.3.2\bin;;D:\Program Files\JetBrains\PyCharm 2018.3.2\bin;;D:\Program Files\JetBrains\IntelliJ IDEA 2018.3.2\bin;;D:\Program Files\JetBrains\WebStorm 2018.3.2\bin;;.]
2019-04-09 21:46:27.318  [main] INFO  o.a.c.core.ContainerBase.[Tomcat].[localhost].[/] - Initializing Spring embedded WebApplicationContext
2019-04-09 21:46:27.319  [main] INFO  org.springframework.web.context.ContextLoader - Root WebApplicationContext: initialization completed in 3289 ms
2019-04-09 21:46:28.122  [main] INFO  s.d.s.w.PropertySourcedRequestMappingHandlerMapping - Mapped URL path [/v2/api-docs] onto method [public org.springframework.http.ResponseEntity<springfox.documentation.spring.web.json.Json> springfox.documentation.swagger2.web.Swagger2Controller.getDocumentation(java.lang.String,javax.servlet.http.HttpServletRequest)]
2019-04-09 21:46:28.385  [main] INFO  o.s.scheduling.concurrent.ThreadPoolTaskExecutor - Initializing ExecutorService 'applicationTaskExecutor'
2019-04-09 21:46:29.296  [main] INFO  org.mongodb.driver.cluster - Cluster created with settings {hosts=[localhost:27017], mode=SINGLE, requiredClusterType=UNKNOWN, serverSelectionTimeout='30000 ms', maxWaitQueueSize=500}
2019-04-09 21:46:29.385  [cluster-ClusterId{value='5caca2353e7a321e74920f1e', description='null'}-localhost:27017] INFO  org.mongodb.driver.connection - Opened connection [connectionId{localValue:1, serverValue:2}] to localhost:27017
2019-04-09 21:46:29.393  [cluster-ClusterId{value='5caca2353e7a321e74920f1e', description='null'}-localhost:27017] INFO  org.mongodb.driver.cluster - Monitor thread successfully connected to server with description ServerDescription{address=localhost:27017, type=STANDALONE, state=CONNECTED, ok=true, version=ServerVersion{versionList=[4, 0, 4]}, minWireVersion=0, maxWireVersion=7, maxDocumentSize=16777216, logicalSessionTimeoutMinutes=30, roundTripTimeNanos=4953184}
2019-04-09 21:46:29.934  [main] INFO  s.d.s.web.plugins.DocumentationPluginsBootstrapper - Context refreshed
2019-04-09 21:46:29.960  [main] INFO  s.d.s.web.plugins.DocumentationPluginsBootstrapper - Found 1 custom documentation plugin(s)
2019-04-09 21:46:30.011  [main] INFO  s.d.spring.web.scanners.ApiListingReferenceScanner - Scanning for api listing references
2019-04-09 21:46:30.221  [main] INFO  org.apache.coyote.http11.Http11NioProtocol - Starting ProtocolHandler ["http-nio-8080"]
2019-04-09 21:46:30.284  [main] INFO  o.s.boot.web.embedded.tomcat.TomcatWebServer - Tomcat started on port(s): 8080 (http) with context path ''
2019-04-09 21:46:30.289  [main] INFO  o.y.frame.springbootdemo.SpringBootDemoApplication - Started SpringBootDemoApplication in 7.747 seconds (JVM running for 9.189)
2019-04-09 21:46:30.293  [main] INFO  org.ylc.frame.springbootdemo.boot.AppStartupBoot - ==========================================================================
2019-04-09 21:46:30.294  [main] INFO  org.ylc.frame.springbootdemo.boot.AppStartupBoot - 启动成功，后端API接口 -请访问：http://localhost:8080/swagger-ui.html
2019-04-09 21:46:30.294  [main] INFO  org.ylc.frame.springbootdemo.boot.AppStartupBoot - ==========================================================================
2019-04-09 21:46:46.248  [http-nio-8080-exec-1] INFO  o.a.c.core.ContainerBase.[Tomcat].[localhost].[/] - Initializing Spring DispatcherServlet 'dispatcherServlet'
2019-04-09 21:46:46.249  [http-nio-8080-exec-1] INFO  org.springframework.web.servlet.DispatcherServlet - Initializing Servlet 'dispatcherServlet'
2019-04-09 21:46:46.282  [http-nio-8080-exec-1] INFO  org.springframework.web.servlet.DispatcherServlet - Completed initialization in 33 ms
2019-04-09 21:46:58.944  [http-nio-8080-exec-5] INFO  org.ylc.frame.springbootdemo.event.event.DemoEvent - add event success! message: 你好，这是事件测试
2019-04-09 21:49:29.848  [Thread-19] INFO  o.s.scheduling.concurrent.ThreadPoolTaskExecutor - Shutting down ExecutorService 'applicationTaskExecutor'
2019-04-09 21:49:37.845  [main] INFO  o.y.frame.springbootdemo.SpringBootDemoApplication - Starting SpringBootDemoApplication on DESKTOP-DIPVI1A with PID 21820 (D:\Projects\Java\spring-boot-demo\target\classes started by Lenovo in D:\Projects\Java\spring-boot-demo)
2019-04-09 21:49:37.851  [main] INFO  o.y.frame.springbootdemo.SpringBootDemoApplication - The following profiles are active: dev
2019-04-09 21:49:39.458  [main] INFO  o.s.d.r.config.RepositoryConfigurationDelegate - Multiple Spring Data modules found, entering strict repository configuration mode!
2019-04-09 21:49:39.459  [main] INFO  o.s.d.r.config.RepositoryConfigurationDelegate - Bootstrapping Spring Data repositories in DEFAULT mode.
2019-04-09 21:49:39.493  [main] INFO  o.s.d.r.config.RepositoryConfigurationDelegate - Finished Spring Data repository scanning in 27ms. Found 0 repository interfaces.
2019-04-09 21:49:39.512  [main] INFO  o.s.d.r.config.RepositoryConfigurationDelegate - Multiple Spring Data modules found, entering strict repository configuration mode!
2019-04-09 21:49:39.513  [main] INFO  o.s.d.r.config.RepositoryConfigurationDelegate - Bootstrapping Spring Data repositories in DEFAULT mode.
2019-04-09 21:49:39.533  [main] INFO  o.s.d.r.config.RepositoryConfigurationDelegate - Finished Spring Data repository scanning in 9ms. Found 0 repository interfaces.
2019-04-09 21:49:39.980  [main] INFO  o.s.c.s.PostProcessorRegistrationDelegate$BeanPostProcessorChecker - Bean 'taskExecutorConfig' of type [org.ylc.frame.springbootdemo.config.TaskExecutorConfig$$EnhancerBySpringCGLIB$$51aaba0e] is not eligible for getting processed by all BeanPostProcessors (for example: not eligible for auto-proxying)
2019-04-09 21:49:40.178  [main] INFO  o.s.c.s.PostProcessorRegistrationDelegate$BeanPostProcessorChecker - Bean 'org.springframework.transaction.annotation.ProxyTransactionManagementConfiguration' of type [org.springframework.transaction.annotation.ProxyTransactionManagementConfiguration$$EnhancerBySpringCGLIB$$51772d86] is not eligible for getting processed by all BeanPostProcessors (for example: not eligible for auto-proxying)
2019-04-09 21:49:40.670  [main] INFO  o.s.boot.web.embedded.tomcat.TomcatWebServer - Tomcat initialized with port(s): 8080 (http)
2019-04-09 21:49:40.691  [main] INFO  org.apache.coyote.http11.Http11NioProtocol - Initializing ProtocolHandler ["http-nio-8080"]
2019-04-09 21:49:40.706  [main] INFO  org.apache.catalina.core.StandardService - Starting service [Tomcat]
2019-04-09 21:49:40.706  [main] INFO  org.apache.catalina.core.StandardEngine - Starting Servlet engine: [Apache Tomcat/9.0.16]
2019-04-09 21:49:40.716  [main] INFO  org.apache.catalina.core.AprLifecycleListener - The APR based Apache Tomcat Native library which allows optimal performance in production environments was not found on the java.library.path: [C:\Program Files\Java\jdk1.8.0_181\bin;C:\Windows\Sun\Java\bin;C:\Windows\system32;C:\Windows;D:\Program Files (x86)\NetSarang\Xftp 6\;D:\Program Files (x86)\NetSarang\Xshell 6\;D:\Program Files\Python37\Scripts\;D:\Program Files\Python37\;C:\Program Files (x86)\Common Files\Oracle\Java\javapath;C:\Windows\system32;C:\Windows;C:\Windows\System32\Wbem;C:\Windows\System32\WindowsPowerShell\v1.0\;C:\Program Files\WIDCOMM\Bluetooth Software\;C:\Program Files\WIDCOMM\Bluetooth Software\syswow64;D:\Program Files\apache-maven-3.5.4/bin;D:\Program Files\gradle-4.10.1/bin;C:\Program Files\MySQL\MySQL Utilities 1.6\;D:\Program Files\nodejs\;D:\Program Files\Git\cmd;C:\Users\Lenovo\AppData\Roaming\npm;D:\Program Files\JetBrains\PyCharm Community Edition 2018.3.2\bin;;D:\Program Files\JetBrains\PyCharm 2018.3.2\bin;;D:\Program Files\JetBrains\IntelliJ IDEA 2018.3.2\bin;;D:\Program Files\JetBrains\WebStorm 2018.3.2\bin;;.]
2019-04-09 21:49:40.872  [main] INFO  o.a.c.core.ContainerBase.[Tomcat].[localhost].[/] - Initializing Spring embedded WebApplicationContext
2019-04-09 21:49:40.872  [main] INFO  org.springframework.web.context.ContextLoader - Root WebApplicationContext: initialization completed in 2894 ms
2019-04-09 21:49:41.676  [main] INFO  s.d.s.w.PropertySourcedRequestMappingHandlerMapping - Mapped URL path [/v2/api-docs] onto method [public org.springframework.http.ResponseEntity<springfox.documentation.spring.web.json.Json> springfox.documentation.swagger2.web.Swagger2Controller.getDocumentation(java.lang.String,javax.servlet.http.HttpServletRequest)]
2019-04-09 21:49:41.928  [main] INFO  o.s.scheduling.concurrent.ThreadPoolTaskExecutor - Initializing ExecutorService 'applicationTaskExecutor'
2019-04-09 21:49:42.945  [main] INFO  org.mongodb.driver.cluster - Cluster created with settings {hosts=[localhost:27017], mode=SINGLE, requiredClusterType=UNKNOWN, serverSelectionTimeout='30000 ms', maxWaitQueueSize=500}
2019-04-09 21:49:43.051  [cluster-ClusterId{value='5caca2f63e7a32553ca3f814', description='null'}-localhost:27017] INFO  org.mongodb.driver.connection - Opened connection [connectionId{localValue:1, serverValue:3}] to localhost:27017
2019-04-09 21:49:43.059  [cluster-ClusterId{value='5caca2f63e7a32553ca3f814', description='null'}-localhost:27017] INFO  org.mongodb.driver.cluster - Monitor thread successfully connected to server with description ServerDescription{address=localhost:27017, type=STANDALONE, state=CONNECTED, ok=true, version=ServerVersion{versionList=[4, 0, 4]}, minWireVersion=0, maxWireVersion=7, maxDocumentSize=16777216, logicalSessionTimeoutMinutes=30, roundTripTimeNanos=4528840}
2019-04-09 21:49:43.561  [main] INFO  s.d.s.web.plugins.DocumentationPluginsBootstrapper - Context refreshed
2019-04-09 21:49:43.586  [main] INFO  s.d.s.web.plugins.DocumentationPluginsBootstrapper - Found 1 custom documentation plugin(s)
2019-04-09 21:49:43.637  [main] INFO  s.d.spring.web.scanners.ApiListingReferenceScanner - Scanning for api listing references
2019-04-09 21:49:43.869  [main] INFO  org.apache.coyote.http11.Http11NioProtocol - Starting ProtocolHandler ["http-nio-8080"]
2019-04-09 21:49:43.905  [main] INFO  o.s.boot.web.embedded.tomcat.TomcatWebServer - Tomcat started on port(s): 8080 (http) with context path ''
2019-04-09 21:49:43.911  [main] INFO  o.y.frame.springbootdemo.SpringBootDemoApplication - Started SpringBootDemoApplication in 7.594 seconds (JVM running for 9.283)
2019-04-09 21:49:43.915  [main] INFO  org.ylc.frame.springbootdemo.boot.AppStartupBoot - ==========================================================================
2019-04-09 21:49:43.915  [main] INFO  org.ylc.frame.springbootdemo.boot.AppStartupBoot - 启动成功，后端API接口 -请访问：http://localhost:8080/swagger-ui.html
2019-04-09 21:49:43.915  [main] INFO  org.ylc.frame.springbootdemo.boot.AppStartupBoot - ==========================================================================
2019-04-09 21:50:04.036  [http-nio-8080-exec-1] INFO  o.a.c.core.ContainerBase.[Tomcat].[localhost].[/] - Initializing Spring DispatcherServlet 'dispatcherServlet'
2019-04-09 21:50:04.037  [http-nio-8080-exec-1] INFO  org.springframework.web.servlet.DispatcherServlet - Initializing Servlet 'dispatcherServlet'
2019-04-09 21:50:04.048  [http-nio-8080-exec-1] INFO  org.springframework.web.servlet.DispatcherServlet - Completed initialization in 11 ms
2019-04-09 21:50:04.098  [http-nio-8080-exec-1] INFO  org.ylc.frame.springbootdemo.event.event.DemoEvent - add event success! message: 你好，这是事件测试
2019-04-09 21:50:04.103  [http-nio-8080-exec-1] INFO  o.s.scheduling.concurrent.ThreadPoolTaskExecutor - Initializing ExecutorService
2019-04-09 21:50:04.104  [ThreadPoolTaskExecutor-1] INFO  o.y.f.springbootdemo.event.listener.DemoListener - listener get event, sleep 2 second...
2019-04-09 21:50:06.105  [ThreadPoolTaskExecutor-1] INFO  o.y.f.springbootdemo.event.listener.DemoListener - event message is : 你好，这是事件测试
2019-04-09 21:50:17.677  [http-nio-8080-exec-2] INFO  org.ylc.frame.springbootdemo.event.event.DemoEvent - add event success! message: 你好，这是事件测试
2019-04-09 21:50:17.679  [ThreadPoolTaskExecutor-2] INFO  o.y.f.springbootdemo.event.listener.DemoListener - listener get event, sleep 2 second...
2019-04-09 21:50:19.680  [ThreadPoolTaskExecutor-2] INFO  o.y.f.springbootdemo.event.listener.DemoListener - event message is : 你好，这是事件测试
2019-04-09 21:50:32.541  [http-nio-8080-exec-3] INFO  org.ylc.frame.springbootdemo.event.event.DemoEvent - add event success! message: 你好，这是事件测试
2019-04-09 21:50:32.542  [ThreadPoolTaskExecutor-1] INFO  o.y.f.springbootdemo.event.listener.DemoListener - listener get event, sleep 2 second...
2019-04-09 21:50:32.708  [http-nio-8080-exec-4] INFO  org.ylc.frame.springbootdemo.event.event.DemoEvent - add event success! message: 你好，这是事件测试
2019-04-09 21:50:32.708  [ThreadPoolTaskExecutor-2] INFO  o.y.f.springbootdemo.event.listener.DemoListener - listener get event, sleep 2 second...
2019-04-09 21:50:32.935  [http-nio-8080-exec-5] INFO  org.ylc.frame.springbootdemo.event.event.DemoEvent - add event success! message: 你好，这是事件测试
2019-04-09 21:50:33.120  [http-nio-8080-exec-6] INFO  org.ylc.frame.springbootdemo.event.event.DemoEvent - add event success! message: 你好，这是事件测试
2019-04-09 21:50:34.543  [ThreadPoolTaskExecutor-1] INFO  o.y.f.springbootdemo.event.listener.DemoListener - event message is : 你好，这是事件测试
2019-04-09 21:50:34.544  [ThreadPoolTaskExecutor-1] INFO  o.y.f.springbootdemo.event.listener.DemoListener - listener get event, sleep 2 second...
2019-04-09 21:50:34.709  [ThreadPoolTaskExecutor-2] INFO  o.y.f.springbootdemo.event.listener.DemoListener - event message is : 你好，这是事件测试
2019-04-09 21:50:34.710  [ThreadPoolTaskExecutor-2] INFO  o.y.f.springbootdemo.event.listener.DemoListener - listener get event, sleep 2 second...
2019-04-09 21:50:36.544  [ThreadPoolTaskExecutor-1] INFO  o.y.f.springbootdemo.event.listener.DemoListener - event message is : 你好，这是事件测试
2019-04-09 21:50:36.710  [ThreadPoolTaskExecutor-2] INFO  o.y.f.springbootdemo.event.listener.DemoListener - event message is : 你好，这是事件测试
2019-04-09 21:50:47.575  [Thread-19] INFO  o.s.scheduling.concurrent.ThreadPoolTaskExecutor - Shutting down ExecutorService 'applicationTaskExecutor'
